2014/01/29 12:59:29 [error] [exception.CHttpException.404] exception 'CHttpException' with message 'The system is unable to find the requested action "viewdata".' in C:\xampp-portable\yii\framework\web\CController.php:483
Stack trace:
#0 C:\xampp-portable\yii\framework\web\CController.php(270): CController->missingAction('viewdata')
#1 C:\xampp-portable\yii\framework\web\CWebApplication.php(282): CController->run('viewdata')
#2 C:\xampp-portable\yii\framework\web\CWebApplication.php(141): CWebApplication->runController('site/viewdata')
#3 C:\xampp-portable\yii\framework\base\CApplication.php(180): CWebApplication->processRequest()
#4 C:\xampp-portable\htdocs\Game_Engine\index.php(13): CApplication->run()
#5 {main}
REQUEST_URI=/Game_Engine/index.php?r=site/viewdata
---
2014/01/29 13:45:09 [error] [exception.CHttpException.404] exception 'CHttpException' with message 'The system is unable to find the requested action "viewdata".' in C:\xampp-portable\yii\framework\web\CController.php:483
Stack trace:
#0 C:\xampp-portable\yii\framework\web\CController.php(270): CController->missingAction('viewdata')
#1 C:\xampp-portable\yii\framework\web\CWebApplication.php(282): CController->run('viewdata')
#2 C:\xampp-portable\yii\framework\web\CWebApplication.php(141): CWebApplication->runController('site/viewdata')
#3 C:\xampp-portable\yii\framework\base\CApplication.php(180): CWebApplication->processRequest()
#4 C:\xampp-portable\htdocs\Game_Engine\index.php(13): CApplication->run()
#5 {main}
REQUEST_URI=/Game_Engine/index.php?r=site/viewdata
---
2014/01/29 13:45:14 [error] [exception.CHttpException.404] exception 'CHttpException' with message 'The system is unable to find the requested action "viewdata".' in C:\xampp-portable\yii\framework\web\CController.php:483
Stack trace:
#0 C:\xampp-portable\yii\framework\web\CController.php(270): CController->missingAction('viewdata')
#1 C:\xampp-portable\yii\framework\web\CWebApplication.php(282): CController->run('viewdata')
#2 C:\xampp-portable\yii\framework\web\CWebApplication.php(141): CWebApplication->runController('site/viewdata')
#3 C:\xampp-portable\yii\framework\base\CApplication.php(180): CWebApplication->processRequest()
#4 C:\xampp-portable\htdocs\Game_Engine\index.php(13): CApplication->run()
#5 {main}
REQUEST_URI=/Game_Engine/index.php?r=site/viewdata
---
2014/01/29 13:45:46 [error] [exception.CException] exception 'CException' with message 'Property "SiteController.lattitude" is not defined.' in C:\xampp-portable\yii\framework\base\CComponent.php:130
Stack trace:
#0 C:\xampp-portable\htdocs\Game_Engine\protected\controllers\SiteController.php(26): CComponent->__get('lattitude')
#1 C:\xampp-portable\yii\framework\web\actions\CInlineAction.php(49): SiteController->actionviewdata()
#2 C:\xampp-portable\yii\framework\web\CController.php(308): CInlineAction->runWithParams(Array)
#3 C:\xampp-portable\yii\framework\web\CController.php(286): CController->runAction(Object(CInlineAction))
#4 C:\xampp-portable\yii\framework\web\CController.php(265): CController->runActionWithFilters(Object(CInlineAction), Array)
#5 C:\xampp-portable\yii\framework\web\CWebApplication.php(282): CController->run('viewdata')
#6 C:\xampp-portable\yii\framework\web\CWebApplication.php(141): CWebApplication->runController('site/viewdata')
#7 C:\xampp-portable\yii\framework\base\CApplication.php(180): CWebApplication->processRequest()
#8 C:\xampp-portable\htdocs\Game_Engine\index.php(13): CApplication->run()
#9 {main}
REQUEST_URI=/Game_Engine/index.php?r=site/viewdata
---
2014/01/29 13:47:20 [error] [exception.CHttpException.400] exception 'CHttpException' with message 'Your request is invalid.' in C:\xampp-portable\yii\framework\web\CController.php:336
Stack trace:
#0 C:\xampp-portable\yii\framework\web\CController.php(309): CController->invalidActionParams(Object(CInlineAction))
#1 C:\xampp-portable\yii\framework\web\CController.php(286): CController->runAction(Object(CInlineAction))
#2 C:\xampp-portable\yii\framework\web\CController.php(265): CController->runActionWithFilters(Object(CInlineAction), Array)
#3 C:\xampp-portable\yii\framework\web\CWebApplication.php(282): CController->run('viewdata')
#4 C:\xampp-portable\yii\framework\web\CWebApplication.php(141): CWebApplication->runController('site/viewdata')
#5 C:\xampp-portable\yii\framework\base\CApplication.php(180): CWebApplication->processRequest()
#6 C:\xampp-portable\htdocs\Game_Engine\index.php(13): CApplication->run()
#7 {main}
REQUEST_URI=/Game_Engine/index.php?r=site/viewdata
---
2014/01/29 13:47:24 [error] [exception.CHttpException.400] exception 'CHttpException' with message 'Your request is invalid.' in C:\xampp-portable\yii\framework\web\CController.php:336
Stack trace:
#0 C:\xampp-portable\yii\framework\web\CController.php(309): CController->invalidActionParams(Object(CInlineAction))
#1 C:\xampp-portable\yii\framework\web\CController.php(286): CController->runAction(Object(CInlineAction))
#2 C:\xampp-portable\yii\framework\web\CController.php(265): CController->runActionWithFilters(Object(CInlineAction), Array)
#3 C:\xampp-portable\yii\framework\web\CWebApplication.php(282): CController->run('viewdata')
#4 C:\xampp-portable\yii\framework\web\CWebApplication.php(141): CWebApplication->runController('site/viewdata')
#5 C:\xampp-portable\yii\framework\base\CApplication.php(180): CWebApplication->processRequest()
#6 C:\xampp-portable\htdocs\Game_Engine\index.php(13): CApplication->run()
#7 {main}
REQUEST_URI=/Game_Engine/index.php?r=site/viewdata
---
2014/01/29 13:47:25 [error] [exception.CHttpException.400] exception 'CHttpException' with message 'Your request is invalid.' in C:\xampp-portable\yii\framework\web\CController.php:336
Stack trace:
#0 C:\xampp-portable\yii\framework\web\CController.php(309): CController->invalidActionParams(Object(CInlineAction))
#1 C:\xampp-portable\yii\framework\web\CController.php(286): CController->runAction(Object(CInlineAction))
#2 C:\xampp-portable\yii\framework\web\CController.php(265): CController->runActionWithFilters(Object(CInlineAction), Array)
#3 C:\xampp-portable\yii\framework\web\CWebApplication.php(282): CController->run('viewdata')
#4 C:\xampp-portable\yii\framework\web\CWebApplication.php(141): CWebApplication->runController('site/viewdata')
#5 C:\xampp-portable\yii\framework\base\CApplication.php(180): CWebApplication->processRequest()
#6 C:\xampp-portable\htdocs\Game_Engine\index.php(13): CApplication->run()
#7 {main}
REQUEST_URI=/Game_Engine/index.php?r=site/viewdata
---
2014/01/29 13:47:33 [error] [exception.CHttpException.404] exception 'CHttpException' with message 'The system is unable to find the requested action "viewdata(ram)".' in C:\xampp-portable\yii\framework\web\CController.php:483
Stack trace:
#0 C:\xampp-portable\yii\framework\web\CController.php(270): CController->missingAction('viewdata(ram)')
#1 C:\xampp-portable\yii\framework\web\CWebApplication.php(282): CController->run('viewdata(ram)')
#2 C:\xampp-portable\yii\framework\web\CWebApplication.php(141): CWebApplication->runController('site/viewdata(r...')
#3 C:\xampp-portable\yii\framework\base\CApplication.php(180): CWebApplication->processRequest()
#4 C:\xampp-portable\htdocs\Game_Engine\index.php(13): CApplication->run()
#5 {main}
REQUEST_URI=/Game_Engine/index.php?r=site/viewdata(ram)
---
2014/01/29 13:47:44 [error] [exception.CHttpException.404] exception 'CHttpException' with message 'The system is unable to find the requested action "viewdata()".' in C:\xampp-portable\yii\framework\web\CController.php:483
Stack trace:
#0 C:\xampp-portable\yii\framework\web\CController.php(270): CController->missingAction('viewdata()')
#1 C:\xampp-portable\yii\framework\web\CWebApplication.php(282): CController->run('viewdata()')
#2 C:\xampp-portable\yii\framework\web\CWebApplication.php(141): CWebApplication->runController('site/viewdata()')
#3 C:\xampp-portable\yii\framework\base\CApplication.php(180): CWebApplication->processRequest()
#4 C:\xampp-portable\htdocs\Game_Engine\index.php(13): CApplication->run()
#5 {main}
REQUEST_URI=/Game_Engine/index.php?r=site/viewdata()
---
2014/01/29 13:47:47 [error] [exception.CHttpException.404] exception 'CHttpException' with message 'The system is unable to find the requested action "viewdata()".' in C:\xampp-portable\yii\framework\web\CController.php:483
Stack trace:
#0 C:\xampp-portable\yii\framework\web\CController.php(270): CController->missingAction('viewdata()')
#1 C:\xampp-portable\yii\framework\web\CWebApplication.php(282): CController->run('viewdata()')
#2 C:\xampp-portable\yii\framework\web\CWebApplication.php(141): CWebApplication->runController('site/viewdata()')
#3 C:\xampp-portable\yii\framework\base\CApplication.php(180): CWebApplication->processRequest()
#4 C:\xampp-portable\htdocs\Game_Engine\index.php(13): CApplication->run()
#5 {main}
REQUEST_URI=/Game_Engine/index.php?r=site/viewdata()
---
2014/01/29 14:14:30 [error] [exception.CHttpException.404] exception 'CHttpException' with message 'The system is unable to find the requested action "viewdata()".' in C:\xampp-portable\yii\framework\web\CController.php:483
Stack trace:
#0 C:\xampp-portable\yii\framework\web\CController.php(270): CController->missingAction('viewdata()')
#1 C:\xampp-portable\yii\framework\web\CWebApplication.php(282): CController->run('viewdata()')
#2 C:\xampp-portable\yii\framework\web\CWebApplication.php(141): CWebApplication->runController('site/viewdata()')
#3 C:\xampp-portable\yii\framework\base\CApplication.php(180): CWebApplication->processRequest()
#4 C:\xampp-portable\htdocs\Game_Engine\index.php(13): CApplication->run()
#5 {main}
REQUEST_URI=/Game_Engine/index.php?r=site/viewdata()
---
2014/01/29 14:14:33 [error] [exception.CHttpException.404] exception 'CHttpException' with message 'The system is unable to find the requested action "viewdata()".' in C:\xampp-portable\yii\framework\web\CController.php:483
Stack trace:
#0 C:\xampp-portable\yii\framework\web\CController.php(270): CController->missingAction('viewdata()')
#1 C:\xampp-portable\yii\framework\web\CWebApplication.php(282): CController->run('viewdata()')
#2 C:\xampp-portable\yii\framework\web\CWebApplication.php(141): CWebApplication->runController('site/viewdata()')
#3 C:\xampp-portable\yii\framework\base\CApplication.php(180): CWebApplication->processRequest()
#4 C:\xampp-portable\htdocs\Game_Engine\index.php(13): CApplication->run()
#5 {main}
REQUEST_URI=/Game_Engine/index.php?r=site/viewdata()
---
2014/01/29 14:14:38 [error] [exception.CHttpException.400] exception 'CHttpException' with message 'Your request is invalid.' in C:\xampp-portable\yii\framework\web\CController.php:336
Stack trace:
#0 C:\xampp-portable\yii\framework\web\CController.php(309): CController->invalidActionParams(Object(CInlineAction))
#1 C:\xampp-portable\yii\framework\web\CController.php(286): CController->runAction(Object(CInlineAction))
#2 C:\xampp-portable\yii\framework\web\CController.php(265): CController->runActionWithFilters(Object(CInlineAction), Array)
#3 C:\xampp-portable\yii\framework\web\CWebApplication.php(282): CController->run('viewdata')
#4 C:\xampp-portable\yii\framework\web\CWebApplication.php(141): CWebApplication->runController('site/viewdata')
#5 C:\xampp-portable\yii\framework\base\CApplication.php(180): CWebApplication->processRequest()
#6 C:\xampp-portable\htdocs\Game_Engine\index.php(13): CApplication->run()
#7 {main}
REQUEST_URI=/Game_Engine/index.php?r=site/viewdata
---
2014/01/29 14:14:42 [error] [exception.CHttpException.400] exception 'CHttpException' with message 'Your request is invalid.' in C:\xampp-portable\yii\framework\web\CController.php:336
Stack trace:
#0 C:\xampp-portable\yii\framework\web\CController.php(309): CController->invalidActionParams(Object(CInlineAction))
#1 C:\xampp-portable\yii\framework\web\CController.php(286): CController->runAction(Object(CInlineAction))
#2 C:\xampp-portable\yii\framework\web\CController.php(265): CController->runActionWithFilters(Object(CInlineAction), Array)
#3 C:\xampp-portable\yii\framework\web\CWebApplication.php(282): CController->run('viewdata')
#4 C:\xampp-portable\yii\framework\web\CWebApplication.php(141): CWebApplication->runController('site/viewdata')
#5 C:\xampp-portable\yii\framework\base\CApplication.php(180): CWebApplication->processRequest()
#6 C:\xampp-portable\htdocs\Game_Engine\index.php(13): CApplication->run()
#7 {main}
REQUEST_URI=/Game_Engine/index.php?r=site/viewdata
---
2014/01/29 14:43:20 [error] [php] Undefined variable: PhpArray (C:\xampp-portable\htdocs\Game_Engine\protected\controllers\SiteController.php:39)
Stack trace:
#0 C:\xampp-portable\yii\framework\web\CController.php(286): SiteController->runAction()
#1 C:\xampp-portable\yii\framework\web\CController.php(265): SiteController->runActionWithFilters()
#2 C:\xampp-portable\yii\framework\web\CWebApplication.php(282): SiteController->run()
#3 C:\xampp-portable\yii\framework\web\CWebApplication.php(141): CWebApplication->runController()
#4 C:\xampp-portable\yii\framework\base\CApplication.php(180): CWebApplication->processRequest()
#5 C:\xampp-portable\htdocs\Game_Engine\index.php(13): CWebApplication->run()
REQUEST_URI=/Game_Engine/index.php?r=site/viewdata
in C:\xampp-portable\htdocs\Game_Engine\protected\controllers\SiteController.php (39)
in C:\xampp-portable\htdocs\Game_Engine\index.php (13)
2014/01/29 14:48:07 [error] [system.db.CDbCommand] CDbCommand::execute() failed: SQLSTATE[23000]: Integrity constraint violation: 1062 Duplicate entry '2' for key 'PRIMARY'. The SQL statement executed was: INSERT INTO `location_history` (`lhid`, `tgid`, `uid`, `lattitude`, `longitude`) VALUES (:yp0, :yp1, :yp2, :yp3, :yp4).
in C:\xampp-portable\htdocs\Game_Engine\protected\controllers\SiteController.php (53)
in C:\xampp-portable\htdocs\Game_Engine\index.php (13)
2014/01/29 14:48:07 [error] [exception.CDbException] exception 'CDbException' with message 'CDbCommand failed to execute the SQL statement: SQLSTATE[23000]: Integrity constraint violation: 1062 Duplicate entry '2' for key 'PRIMARY'. The SQL statement executed was: INSERT INTO `location_history` (`lhid`, `tgid`, `uid`, `lattitude`, `longitude`) VALUES (:yp0, :yp1, :yp2, :yp3, :yp4)' in C:\xampp-portable\yii\framework\db\CDbCommand.php:358
Stack trace:
#0 C:\xampp-portable\yii\framework\db\ar\CActiveRecord.php(1077): CDbCommand->execute()
#1 C:\xampp-portable\yii\framework\db\ar\CActiveRecord.php(806): CActiveRecord->insert(NULL)
#2 C:\xampp-portable\htdocs\Game_Engine\protected\controllers\SiteController.php(53): CActiveRecord->save()
#3 C:\xampp-portable\yii\framework\web\actions\CInlineAction.php(49): SiteController->actionviewdata()
#4 C:\xampp-portable\yii\framework\web\CController.php(308): CInlineAction->runWithParams(Array)
#5 C:\xampp-portable\yii\framework\web\CController.php(286): CController->runAction(Object(CInlineAction))
#6 C:\xampp-portable\yii\framework\web\CController.php(265): CController->runActionWithFilters(Object(CInlineAction), Array)
#7 C:\xampp-portable\yii\framework\web\CWebApplication.php(282): CController->run('viewdata')
#8 C:\xampp-portable\yii\framework\web\CWebApplication.php(141): CWebApplication->runController('site/viewdata')
#9 C:\xampp-portable\yii\framework\base\CApplication.php(180): CWebApplication->processRequest()
#10 C:\xampp-portable\htdocs\Game_Engine\index.php(13): CApplication->run()
#11 {main}
REQUEST_URI=/Game_Engine/index.php?r=site/viewdata
---
2014/01/29 15:00:30 [error] [exception.CHttpException.404] exception 'CHttpException' with message 'The system is unable to find the requested action "insertdata".' in C:\xampp-portable\yii\framework\web\CController.php:483
Stack trace:
#0 C:\xampp-portable\yii\framework\web\CController.php(270): CController->missingAction('insertdata')
#1 C:\xampp-portable\yii\framework\web\CWebApplication.php(282): CController->run('insertdata')
#2 C:\xampp-portable\yii\framework\web\CWebApplication.php(141): CWebApplication->runController('site/insertdata')
#3 C:\xampp-portable\yii\framework\base\CApplication.php(180): CWebApplication->processRequest()
#4 C:\xampp-portable\htdocs\Game_Engine\index.php(13): CApplication->run()
#5 {main}
REQUEST_URI=/Game_Engine/index.php?r=site/insertdata
---
2014/01/29 15:00:40 [error] [exception.CHttpException.404] exception 'CHttpException' with message 'The system is unable to find the requested action "InsertData".' in C:\xampp-portable\yii\framework\web\CController.php:483
Stack trace:
#0 C:\xampp-portable\yii\framework\web\CController.php(270): CController->missingAction('InsertData')
#1 C:\xampp-portable\yii\framework\web\CWebApplication.php(282): CController->run('InsertData')
#2 C:\xampp-portable\yii\framework\web\CWebApplication.php(141): CWebApplication->runController('site/InsertData')
#3 C:\xampp-portable\yii\framework\base\CApplication.php(180): CWebApplication->processRequest()
#4 C:\xampp-portable\htdocs\Game_Engine\index.php(13): CApplication->run()
#5 {main}
REQUEST_URI=/Game_Engine/index.php?r=site/InsertData
---
2014/01/30 12:33:02 [error] [exception.CException] exception 'CException' with message 'Property "SiteController.lattitude" is not defined.' in C:\xampp-portable\yii\framework\base\CComponent.php:130
Stack trace:
#0 C:\xampp-portable\htdocs\Game_Engine\protected\controllers\SiteController.php(26): CComponent->__get('lattitude')
#1 C:\xampp-portable\yii\framework\web\actions\CInlineAction.php(49): SiteController->actionViewData()
#2 C:\xampp-portable\yii\framework\web\CController.php(308): CInlineAction->runWithParams(Array)
#3 C:\xampp-portable\yii\framework\web\CController.php(286): CController->runAction(Object(CInlineAction))
#4 C:\xampp-portable\yii\framework\web\CController.php(265): CController->runActionWithFilters(Object(CInlineAction), Array)
#5 C:\xampp-portable\yii\framework\web\CWebApplication.php(282): CController->run('viewdata')
#6 C:\xampp-portable\yii\framework\web\CWebApplication.php(141): CWebApplication->runController('site/viewdata')
#7 C:\xampp-portable\yii\framework\base\CApplication.php(180): CWebApplication->processRequest()
#8 C:\xampp-portable\htdocs\Game_Engine\index.php(13): CApplication->run()
#9 {main}
REQUEST_URI=/Game_Engine/index.php?r=site/viewdata
---
2014/01/30 12:47:47 [error] [php] Array to string conversion (C:\xampp-portable\htdocs\Game_Engine\protected\controllers\SiteController.php:27)
Stack trace:
#0 C:\xampp-portable\yii\framework\web\CController.php(286): SiteController->runAction()
#1 C:\xampp-portable\yii\framework\web\CController.php(265): SiteController->runActionWithFilters()
#2 C:\xampp-portable\yii\framework\web\CWebApplication.php(282): SiteController->run()
#3 C:\xampp-portable\yii\framework\web\CWebApplication.php(141): CWebApplication->runController()
#4 C:\xampp-portable\yii\framework\base\CApplication.php(180): CWebApplication->processRequest()
#5 C:\xampp-portable\htdocs\Game_Engine\index.php(13): CWebApplication->run()
REQUEST_URI=/Game_Engine/index.php?r=site/viewdata
in C:\xampp-portable\htdocs\Game_Engine\protected\controllers\SiteController.php (27)
in C:\xampp-portable\htdocs\Game_Engine\index.php (13)
2014/01/30 12:48:14 [error] [php] Trying to get property of non-object (C:\xampp-portable\htdocs\Game_Engine\protected\controllers\SiteController.php:27)
Stack trace:
#0 C:\xampp-portable\yii\framework\web\CController.php(286): SiteController->runAction()
#1 C:\xampp-portable\yii\framework\web\CController.php(265): SiteController->runActionWithFilters()
#2 C:\xampp-portable\yii\framework\web\CWebApplication.php(282): SiteController->run()
#3 C:\xampp-portable\yii\framework\web\CWebApplication.php(141): CWebApplication->runController()
#4 C:\xampp-portable\yii\framework\base\CApplication.php(180): CWebApplication->processRequest()
#5 C:\xampp-portable\htdocs\Game_Engine\index.php(13): CWebApplication->run()
REQUEST_URI=/Game_Engine/index.php?r=site/viewdata
in C:\xampp-portable\htdocs\Game_Engine\protected\controllers\SiteController.php (27)
in C:\xampp-portable\htdocs\Game_Engine\index.php (13)
2014/01/30 13:08:30 [error] [exception.CException] exception 'CException' with message 'Property "CDbCriteria.lhid" is not defined.' in C:\xampp-portable\yii\framework\base\CComponent.php:173
Stack trace:
#0 C:\xampp-portable\yii\framework\db\schema\CDbCriteria.php(160): CComponent->__set('lhid', 1)
#1 C:\xampp-portable\yii\framework\db\schema\CDbCommandBuilder.php(585): CDbCriteria->__construct(Array)
#2 C:\xampp-portable\yii\framework\db\ar\CActiveRecord.php(1469): CDbCommandBuilder->createCriteria(Array, Array)
#3 C:\xampp-portable\htdocs\Game_Engine\protected\controllers\SiteController.php(26): CActiveRecord->findAll(Array)
#4 C:\xampp-portable\yii\framework\web\actions\CInlineAction.php(49): SiteController->actionViewData()
#5 C:\xampp-portable\yii\framework\web\CController.php(308): CInlineAction->runWithParams(Array)
#6 C:\xampp-portable\yii\framework\web\CController.php(286): CController->runAction(Object(CInlineAction))
#7 C:\xampp-portable\yii\framework\web\CController.php(265): CController->runActionWithFilters(Object(CInlineAction), Array)
#8 C:\xampp-portable\yii\framework\web\CWebApplication.php(282): CController->run('viewdata')
#9 C:\xampp-portable\yii\framework\web\CWebApplication.php(141): CWebApplication->runController('site/viewdata')
#10 C:\xampp-portable\yii\framework\base\CApplication.php(180): CWebApplication->processRequest()
#11 C:\xampp-portable\htdocs\Game_Engine\index.php(13): CApplication->run()
#12 {main}
REQUEST_URI=/Game_Engine/index.php?r=site/viewdata
---
2014/01/30 13:15:02 [error] [exception.CException] exception 'CException' with message 'Property "CDbCriteria.lhid" is not defined.' in C:\xampp-portable\yii\framework\base\CComponent.php:173
Stack trace:
#0 C:\xampp-portable\yii\framework\db\schema\CDbCriteria.php(160): CComponent->__set('lhid', 1)
#1 C:\xampp-portable\yii\framework\db\schema\CDbCommandBuilder.php(585): CDbCriteria->__construct(Array)
#2 C:\xampp-portable\yii\framework\db\ar\CActiveRecord.php(1469): CDbCommandBuilder->createCriteria(Array, Array)
#3 C:\xampp-portable\htdocs\Game_Engine\protected\controllers\SiteController.php(26): CActiveRecord->findAll(Array)
#4 C:\xampp-portable\yii\framework\web\actions\CInlineAction.php(49): SiteController->actionViewData()
#5 C:\xampp-portable\yii\framework\web\CController.php(308): CInlineAction->runWithParams(Array)
#6 C:\xampp-portable\yii\framework\web\CController.php(286): CController->runAction(Object(CInlineAction))
#7 C:\xampp-portable\yii\framework\web\CController.php(265): CController->runActionWithFilters(Object(CInlineAction), Array)
#8 C:\xampp-portable\yii\framework\web\CWebApplication.php(282): CController->run('viewdata')
#9 C:\xampp-portable\yii\framework\web\CWebApplication.php(141): CWebApplication->runController('site/viewdata')
#10 C:\xampp-portable\yii\framework\base\CApplication.php(180): CWebApplication->processRequest()
#11 C:\xampp-portable\htdocs\Game_Engine\index.php(13): CApplication->run()
#12 {main}
REQUEST_URI=/Game_Engine/index.php?r=site/viewdata
---
2014/01/30 13:15:54 [error] [exception.CException] exception 'CException' with message 'Property "CDbCriteria.tgid" is not defined.' in C:\xampp-portable\yii\framework\base\CComponent.php:173
Stack trace:
#0 C:\xampp-portable\yii\framework\db\schema\CDbCriteria.php(160): CComponent->__set('tgid', 1)
#1 C:\xampp-portable\yii\framework\db\schema\CDbCommandBuilder.php(585): CDbCriteria->__construct(Array)
#2 C:\xampp-portable\yii\framework\db\ar\CActiveRecord.php(1469): CDbCommandBuilder->createCriteria(Array, Array)
#3 C:\xampp-portable\htdocs\Game_Engine\protected\controllers\SiteController.php(26): CActiveRecord->findAll(Array)
#4 C:\xampp-portable\yii\framework\web\actions\CInlineAction.php(49): SiteController->actionViewData()
#5 C:\xampp-portable\yii\framework\web\CController.php(308): CInlineAction->runWithParams(Array)
#6 C:\xampp-portable\yii\framework\web\CController.php(286): CController->runAction(Object(CInlineAction))
#7 C:\xampp-portable\yii\framework\web\CController.php(265): CController->runActionWithFilters(Object(CInlineAction), Array)
#8 C:\xampp-portable\yii\framework\web\CWebApplication.php(282): CController->run('ViewData')
#9 C:\xampp-portable\yii\framework\web\CWebApplication.php(141): CWebApplication->runController('site/ViewData')
#10 C:\xampp-portable\yii\framework\base\CApplication.php(180): CWebApplication->processRequest()
#11 C:\xampp-portable\htdocs\Game_Engine\index.php(13): CApplication->run()
#12 {main}
REQUEST_URI=/Game_Engine/index.php?r=site/ViewData
---
2014/01/30 13:17:28 [error] [exception.CHttpException.403] exception 'CHttpException' with message 'You are not authorized to perform this action.' in C:\xampp-portable\yii\framework\web\auth\CAccessControlFilter.php:182
Stack trace:
#0 C:\xampp-portable\yii\framework\web\auth\CAccessControlFilter.php(145): CAccessControlFilter->accessDenied(Object(CWebUser), 'You are not aut...')
#1 C:\xampp-portable\yii\framework\web\filters\CFilter.php(38): CAccessControlFilter->preFilter(Object(CFilterChain))
#2 C:\xampp-portable\yii\framework\web\CController.php(1145): CFilter->filter(Object(CFilterChain))
#3 C:\xampp-portable\yii\framework\web\filters\CInlineFilter.php(58): CController->filterAccessControl(Object(CFilterChain))
#4 C:\xampp-portable\yii\framework\web\filters\CFilterChain.php(130): CInlineFilter->filter(Object(CFilterChain))
#5 C:\xampp-portable\yii\framework\web\CController.php(291): CFilterChain->run()
#6 C:\xampp-portable\yii\framework\web\CController.php(265): CController->runActionWithFilters(Object(CInlineAction), Array)
#7 C:\xampp-portable\yii\framework\web\CWebApplication.php(282): CController->run('admin')
#8 C:\xampp-portable\yii\framework\web\CWebApplication.php(141): CWebApplication->runController('locationHistory...')
#9 C:\xampp-portable\yii\framework\base\CApplication.php(180): CWebApplication->processRequest()
#10 C:\xampp-portable\htdocs\Game_Engine\index.php(13): CApplication->run()
#11 {main}
REQUEST_URI=/Game_Engine/index.php?r=locationHistory/admin
HTTP_REFERER=http://localhost/Game_Engine/index.php?r=site/login
---
2014/01/30 13:21:43 [error] [exception.CHttpException.403] exception 'CHttpException' with message 'You are not authorized to perform this action.' in C:\xampp-portable\yii\framework\web\auth\CAccessControlFilter.php:182
Stack trace:
#0 C:\xampp-portable\yii\framework\web\auth\CAccessControlFilter.php(145): CAccessControlFilter->accessDenied(Object(CWebUser), 'You are not aut...')
#1 C:\xampp-portable\yii\framework\web\filters\CFilter.php(38): CAccessControlFilter->preFilter(Object(CFilterChain))
#2 C:\xampp-portable\yii\framework\web\CController.php(1145): CFilter->filter(Object(CFilterChain))
#3 C:\xampp-portable\yii\framework\web\filters\CInlineFilter.php(58): CController->filterAccessControl(Object(CFilterChain))
#4 C:\xampp-portable\yii\framework\web\filters\CFilterChain.php(130): CInlineFilter->filter(Object(CFilterChain))
#5 C:\xampp-portable\yii\framework\web\CController.php(291): CFilterChain->run()
#6 C:\xampp-portable\yii\framework\web\CController.php(265): CController->runActionWithFilters(Object(CInlineAction), Array)
#7 C:\xampp-portable\yii\framework\web\CWebApplication.php(282): CController->run('viewdata')
#8 C:\xampp-portable\yii\framework\web\CWebApplication.php(141): CWebApplication->runController('LocationHistory...')
#9 C:\xampp-portable\yii\framework\base\CApplication.php(180): CWebApplication->processRequest()
#10 C:\xampp-portable\htdocs\Game_Engine\index.php(13): CApplication->run()
#11 {main}
REQUEST_URI=/Game_Engine/index.php?r=LocationHistory/viewdata
HTTP_REFERER=http://localhost/Game_Engine/index.php?r=site/login
---
2014/01/30 13:22:43 [error] [exception.CHttpException.400] exception 'CHttpException' with message 'Your request is invalid.' in C:\xampp-portable\yii\framework\web\CController.php:336
Stack trace:
#0 C:\xampp-portable\yii\framework\web\CController.php(309): CController->invalidActionParams(Object(CInlineAction))
#1 C:\xampp-portable\yii\framework\web\filters\CFilterChain.php(133): CController->runAction(Object(CInlineAction))
#2 C:\xampp-portable\yii\framework\web\filters\CFilter.php(40): CFilterChain->run()
#3 C:\xampp-portable\yii\framework\web\CController.php(1145): CFilter->filter(Object(CFilterChain))
#4 C:\xampp-portable\yii\framework\web\filters\CInlineFilter.php(58): CController->filterAccessControl(Object(CFilterChain))
#5 C:\xampp-portable\yii\framework\web\filters\CFilterChain.php(130): CInlineFilter->filter(Object(CFilterChain))
#6 C:\xampp-portable\yii\framework\web\CController.php(291): CFilterChain->run()
#7 C:\xampp-portable\yii\framework\web\CController.php(265): CController->runActionWithFilters(Object(CInlineAction), Array)
#8 C:\xampp-portable\yii\framework\web\CWebApplication.php(282): CController->run('view')
#9 C:\xampp-portable\yii\framework\web\CWebApplication.php(141): CWebApplication->runController('LocationHistory...')
#10 C:\xampp-portable\yii\framework\base\CApplication.php(180): CWebApplication->processRequest()
#11 C:\xampp-portable\htdocs\Game_Engine\index.php(13): CApplication->run()
#12 {main}
REQUEST_URI=/Game_Engine/index.php?r=LocationHistory/view
---
2014/01/30 13:22:54 [error] [exception.CHttpException.403] exception 'CHttpException' with message 'You are not authorized to perform this action.' in C:\xampp-portable\yii\framework\web\auth\CAccessControlFilter.php:182
Stack trace:
#0 C:\xampp-portable\yii\framework\web\auth\CAccessControlFilter.php(145): CAccessControlFilter->accessDenied(Object(CWebUser), 'You are not aut...')
#1 C:\xampp-portable\yii\framework\web\filters\CFilter.php(38): CAccessControlFilter->preFilter(Object(CFilterChain))
#2 C:\xampp-portable\yii\framework\web\CController.php(1145): CFilter->filter(Object(CFilterChain))
#3 C:\xampp-portable\yii\framework\web\filters\CInlineFilter.php(58): CController->filterAccessControl(Object(CFilterChain))
#4 C:\xampp-portable\yii\framework\web\filters\CFilterChain.php(130): CInlineFilter->filter(Object(CFilterChain))
#5 C:\xampp-portable\yii\framework\web\CController.php(291): CFilterChain->run()
#6 C:\xampp-portable\yii\framework\web\CController.php(265): CController->runActionWithFilters(Object(CInlineAction), Array)
#7 C:\xampp-portable\yii\framework\web\CWebApplication.php(282): CController->run('viewdata')
#8 C:\xampp-portable\yii\framework\web\CWebApplication.php(141): CWebApplication->runController('LocationHistory...')
#9 C:\xampp-portable\yii\framework\base\CApplication.php(180): CWebApplication->processRequest()
#10 C:\xampp-portable\htdocs\Game_Engine\index.php(13): CApplication->run()
#11 {main}
REQUEST_URI=/Game_Engine/index.php?r=LocationHistory/viewdata
HTTP_REFERER=http://localhost/Game_Engine/index.php?r=site/login
---
2014/01/30 13:31:47 [error] [php] Trying to get property of non-object (C:\xampp-portable\htdocs\Game_Engine\protected\controllers\SiteController.php:31)
Stack trace:
#0 C:\xampp-portable\yii\framework\web\CController.php(286): SiteController->runAction()
#1 C:\xampp-portable\yii\framework\web\CController.php(265): SiteController->runActionWithFilters()
#2 C:\xampp-portable\yii\framework\web\CWebApplication.php(282): SiteController->run()
#3 C:\xampp-portable\yii\framework\web\CWebApplication.php(141): CWebApplication->runController()
#4 C:\xampp-portable\yii\framework\base\CApplication.php(180): CWebApplication->processRequest()
#5 C:\xampp-portable\htdocs\Game_Engine\index.php(13): CWebApplication->run()
REQUEST_URI=/Game_Engine/index.php?r=site/viewdata
in C:\xampp-portable\htdocs\Game_Engine\protected\controllers\SiteController.php (31)
in C:\xampp-portable\htdocs\Game_Engine\index.php (13)
2014/01/30 13:32:01 [error] [php] Array to string conversion (C:\xampp-portable\htdocs\Game_Engine\protected\controllers\SiteController.php:31)
Stack trace:
#0 C:\xampp-portable\yii\framework\web\CController.php(286): SiteController->runAction()
#1 C:\xampp-portable\yii\framework\web\CController.php(265): SiteController->runActionWithFilters()
#2 C:\xampp-portable\yii\framework\web\CWebApplication.php(282): SiteController->run()
#3 C:\xampp-portable\yii\framework\web\CWebApplication.php(141): CWebApplication->runController()
#4 C:\xampp-portable\yii\framework\base\CApplication.php(180): CWebApplication->processRequest()
#5 C:\xampp-portable\htdocs\Game_Engine\index.php(13): CWebApplication->run()
REQUEST_URI=/Game_Engine/index.php?r=site/viewdata
in C:\xampp-portable\htdocs\Game_Engine\protected\controllers\SiteController.php (31)
in C:\xampp-portable\htdocs\Game_Engine\index.php (13)
2014/01/30 13:33:56 [error] [php] Undefined index: lattitude (C:\xampp-portable\htdocs\Game_Engine\protected\controllers\SiteController.php:31)
Stack trace:
#0 C:\xampp-portable\yii\framework\web\CController.php(286): SiteController->runAction()
#1 C:\xampp-portable\yii\framework\web\CController.php(265): SiteController->runActionWithFilters()
#2 C:\xampp-portable\yii\framework\web\CWebApplication.php(282): SiteController->run()
#3 C:\xampp-portable\yii\framework\web\CWebApplication.php(141): CWebApplication->runController()
#4 C:\xampp-portable\yii\framework\base\CApplication.php(180): CWebApplication->processRequest()
#5 C:\xampp-portable\htdocs\Game_Engine\index.php(13): CWebApplication->run()
REQUEST_URI=/Game_Engine/index.php?r=site/viewdata
in C:\xampp-portable\htdocs\Game_Engine\protected\controllers\SiteController.php (31)
in C:\xampp-portable\htdocs\Game_Engine\index.php (13)
2014/01/30 15:15:42 [error] [exception.CException] exception 'CException' with message 'LocationHistory and its behaviors do not have a method or closure named "findByAttribute".' in C:\xampp-portable\yii\framework\base\CComponent.php:266
Stack trace:
#0 C:\xampp-portable\yii\framework\db\ar\CActiveRecord.php(227): CComponent->__call('findByAttribute', Array)
#1 C:\xampp-portable\htdocs\Game_Engine\protected\controllers\SiteController.php(30): CActiveRecord->__call('findByAttribute', Array)
#2 C:\xampp-portable\htdocs\Game_Engine\protected\controllers\SiteController.php(30): LocationHistory->findByAttribute(Object(CDbCriteria))
#3 C:\xampp-portable\yii\framework\web\actions\CInlineAction.php(49): SiteController->actionViewData()
#4 C:\xampp-portable\yii\framework\web\CController.php(308): CInlineAction->runWithParams(Array)
#5 C:\xampp-portable\yii\framework\web\CController.php(286): CController->runAction(Object(CInlineAction))
#6 C:\xampp-portable\yii\framework\web\CController.php(265): CController->runActionWithFilters(Object(CInlineAction), Array)
#7 C:\xampp-portable\yii\framework\web\CWebApplication.php(282): CController->run('viewdata')
#8 C:\xampp-portable\yii\framework\web\CWebApplication.php(141): CWebApplication->runController('site/viewdata')
#9 C:\xampp-portable\yii\framework\base\CApplication.php(180): CWebApplication->processRequest()
#10 C:\xampp-portable\htdocs\Game_Engine\index.php(13): CApplication->run()
#11 {main}
REQUEST_URI=/Game_Engine/index.php?r=site/viewdata
---
2014/01/30 15:17:40 [error] [exception.CException] exception 'CException' with message 'LocationHistory and its behaviors do not have a method or closure named "findByAttribute".' in C:\xampp-portable\yii\framework\base\CComponent.php:266
Stack trace:
#0 C:\xampp-portable\yii\framework\db\ar\CActiveRecord.php(227): CComponent->__call('findByAttribute', Array)
#1 C:\xampp-portable\htdocs\Game_Engine\protected\controllers\SiteController.php(30): CActiveRecord->__call('findByAttribute', Array)
#2 C:\xampp-portable\htdocs\Game_Engine\protected\controllers\SiteController.php(30): LocationHistory->findByAttribute(Object(CDbCriteria), 'status=1')
#3 C:\xampp-portable\yii\framework\web\actions\CInlineAction.php(49): SiteController->actionViewData()
#4 C:\xampp-portable\yii\framework\web\CController.php(308): CInlineAction->runWithParams(Array)
#5 C:\xampp-portable\yii\framework\web\CController.php(286): CController->runAction(Object(CInlineAction))
#6 C:\xampp-portable\yii\framework\web\CController.php(265): CController->runActionWithFilters(Object(CInlineAction), Array)
#7 C:\xampp-portable\yii\framework\web\CWebApplication.php(282): CController->run('viewdata')
#8 C:\xampp-portable\yii\framework\web\CWebApplication.php(141): CWebApplication->runController('site/viewdata')
#9 C:\xampp-portable\yii\framework\base\CApplication.php(180): CWebApplication->processRequest()
#10 C:\xampp-portable\htdocs\Game_Engine\index.php(13): CApplication->run()
#11 {main}
REQUEST_URI=/Game_Engine/index.php?r=site/viewdata
---
2014/01/30 15:18:37 [error] [exception.CDbException] exception 'CDbException' with message 'Table "location_history" does not have a column named "select".' in C:\xampp-portable\yii\framework\db\schema\CDbCommandBuilder.php:694
Stack trace:
#0 C:\xampp-portable\yii\framework\db\ar\CActiveRecord.php(1518): CDbCommandBuilder->createColumnCriteria(Object(CMysqlTableSchema), Object(CDbCriteria), '', Array, '`t`.')
#1 C:\xampp-portable\htdocs\Game_Engine\protected\controllers\SiteController.php(30): CActiveRecord->findByAttributes(Object(CDbCriteria))
#2 C:\xampp-portable\yii\framework\web\actions\CInlineAction.php(49): SiteController->actionViewData()
#3 C:\xampp-portable\yii\framework\web\CController.php(308): CInlineAction->runWithParams(Array)
#4 C:\xampp-portable\yii\framework\web\CController.php(286): CController->runAction(Object(CInlineAction))
#5 C:\xampp-portable\yii\framework\web\CController.php(265): CController->runActionWithFilters(Object(CInlineAction), Array)
#6 C:\xampp-portable\yii\framework\web\CWebApplication.php(282): CController->run('viewdata')
#7 C:\xampp-portable\yii\framework\web\CWebApplication.php(141): CWebApplication->runController('site/viewdata')
#8 C:\xampp-portable\yii\framework\base\CApplication.php(180): CWebApplication->processRequest()
#9 C:\xampp-portable\htdocs\Game_Engine\index.php(13): CApplication->run()
#10 {main}
REQUEST_URI=/Game_Engine/index.php?r=site/viewdata
---
2014/01/30 15:22:18 [error] [php] Array to string conversion (C:\xampp-portable\htdocs\Game_Engine\protected\controllers\SiteController.php:39)
Stack trace:
#0 C:\xampp-portable\yii\framework\web\CController.php(286): SiteController->runAction()
#1 C:\xampp-portable\yii\framework\web\CController.php(265): SiteController->runActionWithFilters()
#2 C:\xampp-portable\yii\framework\web\CWebApplication.php(282): SiteController->run()
#3 C:\xampp-portable\yii\framework\web\CWebApplication.php(141): CWebApplication->runController()
#4 C:\xampp-portable\yii\framework\base\CApplication.php(180): CWebApplication->processRequest()
#5 C:\xampp-portable\htdocs\Game_Engine\index.php(13): CWebApplication->run()
REQUEST_URI=/Game_Engine/index.php?r=site/viewdata
in C:\xampp-portable\htdocs\Game_Engine\protected\controllers\SiteController.php (39)
in C:\xampp-portable\htdocs\Game_Engine\index.php (13)
2014/01/30 15:31:44 [error] [php] Undefined variable: json_encode (C:\xampp-portable\htdocs\Game_Engine\protected\controllers\SiteController.php:38)
Stack trace:
#0 C:\xampp-portable\yii\framework\web\CController.php(286): SiteController->runAction()
#1 C:\xampp-portable\yii\framework\web\CController.php(265): SiteController->runActionWithFilters()
#2 C:\xampp-portable\yii\framework\web\CWebApplication.php(282): SiteController->run()
#3 C:\xampp-portable\yii\framework\web\CWebApplication.php(141): CWebApplication->runController()
#4 C:\xampp-portable\yii\framework\base\CApplication.php(180): CWebApplication->processRequest()
#5 C:\xampp-portable\htdocs\Game_Engine\index.php(13): CWebApplication->run()
REQUEST_URI=/Game_Engine/index.php?r=site/viewdata
in C:\xampp-portable\htdocs\Game_Engine\protected\controllers\SiteController.php (38)
in C:\xampp-portable\htdocs\Game_Engine\index.php (13)
2014/01/30 15:33:31 [error] [php] Undefined variable: json_encode (C:\xampp-portable\htdocs\Game_Engine\protected\controllers\SiteController.php:38)
Stack trace:
#0 C:\xampp-portable\yii\framework\web\CController.php(286): SiteController->runAction()
#1 C:\xampp-portable\yii\framework\web\CController.php(265): SiteController->runActionWithFilters()
#2 C:\xampp-portable\yii\framework\web\CWebApplication.php(282): SiteController->run()
#3 C:\xampp-portable\yii\framework\web\CWebApplication.php(141): CWebApplication->runController()
#4 C:\xampp-portable\yii\framework\base\CApplication.php(180): CWebApplication->processRequest()
#5 C:\xampp-portable\htdocs\Game_Engine\index.php(13): CWebApplication->run()
REQUEST_URI=/Game_Engine/index.php?r=site/viewdata
in C:\xampp-portable\htdocs\Game_Engine\protected\controllers\SiteController.php (38)
in C:\xampp-portable\htdocs\Game_Engine\index.php (13)
